<?xml version="1.0" encoding="UTF-8"?>
<testng-results ignored="0" total="1" passed="1" failed="0" skipped="0">
  <reporter-output>
  </reporter-output>
  <suite started-at="2025-09-05T17:49:37 IST" name="Default suite" finished-at="2025-09-05T17:49:44 IST" duration-ms="6967">
    <groups>
    </groups>
    <test started-at="2025-09-05T17:49:37 IST" name="Default test" finished-at="2025-09-05T17:49:44 IST" duration-ms="6967">
      <class name="tests.LoginTest">
        <test-method is-config="true" signature="setup()[pri:0, instance:tests.LoginTest@4a94ee4]" started-at="2025-09-05T17:49:37 IST" name="setup" finished-at="2025-09-05T17:49:43 IST" duration-ms="5793" status="PASS">
          <reporter-output>
          </reporter-output>
        </test-method> <!-- setup -->
        <test-method signature="testValidationLogin()[pri:0, instance:tests.LoginTest@4a94ee4]" started-at="2025-09-05T17:49:43 IST" name="testValidationLogin" finished-at="2025-09-05T17:49:44 IST" duration-ms="1158" status="PASS">
          <reporter-output>
          </reporter-output>
        </test-method> <!-- testValidationLogin -->
      </class> <!-- tests.LoginTest -->
    </test> <!-- Default test -->
  </suite> <!-- Default suite -->
</testng-results>
